[simple-inline-pass] Skipping recursive function: recurse
[simple-inline-pass] Function: recurse | Cost: 22 | SKIP
[simple-inline-pass] Function: add | Cost: 8 | INLINE
[simple-inline-pass] Inlined function: add
[simple-inline-pass] Function: mul3 | Cost: 5 | INLINE
[simple-inline-pass] Inlined function: mul3
[simple-inline-pass] Function: large_helper | Cost: 41 | SKIP
[simple-inline-pass] Skipping recursive function: recurse
[simple-inline-pass] Function: recurse | Cost: 22 | SKIP
[simple-inline-pass] Removing dead function: add
[simple-inline-pass] Removing dead function: mul3
[simple-inline-pass] ===== Pass Summary =====
[simple-inline-pass] Calls inspected: 5
[simple-inline-pass] Calls inlined: 2
[simple-inline-pass] Recursive blocks: 2
[simple-inline-pass] External/declaration skips: 0
[simple-inline-pass] Main skips: 0
[simple-inline-pass] Cost-based skips: 1
[simple-inline-pass] Dead functions removed: 2
[simple-inline-pass] Functions cleaned for unreachable blocks: 0
